_HiStOrY_V2_
SHOW\040Tables;
SELECT\040*\040FROM\040tabListing;
SELECT\040*\040FROM\040`tabListing\040Request`;
q
quit
quit;
q\040quit\040quit;
quit;
SELECT\040*\040FROM\040`tabListing\040Request`;
UPDATE\040`tabListing\040Request`\040SET\040parent=Bike-07\040WHERE\040name=7affec8f57
SELECT\040*\040FROM\040`tabListing\040Request`;
UPDATE\040`tabListing\040Request`\040SET\040parent=Bike-07\040WHERE\040name=7affec8f57\040SELECT\040*\040FROM\040`tabListing\040Request`;
q
quit
quit;
q\040quit\040quit;
quit;
SELECT\040*\040FROM\040`tabListing\040Request`;
UPDATE\040`tabListing\040Request`\040SET\040parent='Bike-07'\040WHERE\040name="7affec8f57"
q
quit;
UPDATE\040`tabListing\040Request`\040SET\040parent='Bike-07'\040WHERE\040name="7affec8f57"\040q\040quit;
UPDATE\040`tabListing\040Request`\040SET\040parent='Bike-07'\040WHERE\040name="7affec8f57"
quit;
UPDATE\040`tabListing\040Request`\040SET\040parent='Bike-07'\040WHERE\040name="7affec8f57"\040quit;
UPDATE\040`tabListing\040Request`\040SET\040parent="Bike-07"\040WHERE\040name="7affec8f57";
SELECT\040*\040FROM\040`tabListing`;
quit;
SELECT\040*\040FROM\040`tabListing\040Request";
quit;
q
quit;
SELECT\040*\040FROM\040`tabListing\040Request";
q
SELECT\040*\040FROM\040`tabListing\040Request";
q
quit;
SELECT\040*\040FROM\040`tabListing\040Request`;
quit;
SELECT\040*\040FROM\040`tabListing`;
quit;
