2024-04-22 21:10:59,288 WARNING database DDL Query made to DB:
create table `tabBulk Transaction Log Detail` (
			name varchar(140) primary key,
			creation datetime(6),
			modified datetime(6),
			modified_by varchar(140),
			owner varchar(140),
			docstatus int(1) not null default '0',
			idx int(8) not null default '0',
			`from_doctype` varchar(140),
`transaction_name` varchar(140),
`date` date,
`time` time(6),
`transaction_status` varchar(140),
`error_description` longtext,
`to_doctype` varchar(140),
`retried` int(11) not null default 0,
`_user_tags` text,
`_comments` text,
`_assign` text,
`_liked_by` text,
index `from_doctype`(`from_doctype`),
index `transaction_name`(`transaction_name`),
index `date`(`date`),

			index modified(modified))
			ENGINE=InnoDB
			ROW_FORMAT=DYNAMIC
			CHARACTER SET=utf8mb4
			COLLATE=utf8mb4_unicode_ci
2024-04-22 21:11:00,455 WARNING database DDL Query made to DB:
create table `tabWebsite Item` (
			name varchar(140) primary key,
			creation datetime(6),
			modified datetime(6),
			modified_by varchar(140),
			owner varchar(140),
			docstatus int(1) not null default '0',
			idx int(8) not null default '0',
			`naming_series` varchar(140) default 'WEB-ITM-.####',
`web_item_name` varchar(140),
`route` text,
`has_variants` int(1) not null default 0,
`variant_of` varchar(140),
`published` int(1) not null default 1,
`item_code` varchar(140),
`item_name` varchar(140),
`item_group` varchar(140),
`stock_uom` varchar(140),
`description` longtext,
`brand` varchar(140),
`website_image` text,
`website_image_alt` varchar(140),
`slideshow` varchar(140),
`thumbnail` varchar(140),
`website_warehouse` varchar(140),
`on_backorder` int(1) not null default 0,
`short_description` text,
`web_long_description` longtext,
`show_tabbed_section` int(1) not null default 0,
`ranking` int(11) not null default 0,
`website_content` longtext,
`_user_tags` text,
`_comments` text,
`_assign` text,
`_liked_by` text,
index `variant_of`(`variant_of`),
index `item_group`(`item_group`),
index `brand`(`brand`),

			index modified(modified))
			ENGINE=InnoDB
			ROW_FORMAT=DYNAMIC
			CHARACTER SET=utf8mb4
			COLLATE=utf8mb4_unicode_ci
2024-04-22 21:11:00,788 WARNING database DDL Query made to DB:
ALTER TABLE `tabWebsite Item`
				ADD INDEX `route_index`(route(500))
2024-04-22 21:11:01,166 WARNING database DDL Query made to DB:
create table `tabWebsite Item Tabbed Section` (
			name varchar(140) primary key,
			creation datetime(6),
			modified datetime(6),
			modified_by varchar(140),
			owner varchar(140),
			docstatus int(1) not null default '0',
			idx int(8) not null default '0',
			`label` varchar(140),
`content` longtext,
parent varchar(140),
parentfield varchar(140),
parenttype varchar(140),
index parent(parent),

			index modified(modified))
			ENGINE=InnoDB
			ROW_FORMAT=DYNAMIC
			CHARACTER SET=utf8mb4
			COLLATE=utf8mb4_unicode_ci
2024-04-22 21:11:01,622 WARNING database DDL Query made to DB:
create table `tabWebsite Offer` (
			name varchar(140) primary key,
			creation datetime(6),
			modified datetime(6),
			modified_by varchar(140),
			owner varchar(140),
			docstatus int(1) not null default '0',
			idx int(8) not null default '0',
			`offer_title` varchar(140),
`offer_subtitle` varchar(140),
`offer_details` longtext,
parent varchar(140),
parentfield varchar(140),
parenttype varchar(140),
index parent(parent),

			index modified(modified))
			ENGINE=InnoDB
			ROW_FORMAT=DYNAMIC
			CHARACTER SET=utf8mb4
			COLLATE=utf8mb4_unicode_ci
2024-04-22 21:11:02,077 WARNING database DDL Query made to DB:
create table `tabWishlist` (
			name varchar(140) primary key,
			creation datetime(6),
			modified datetime(6),
			modified_by varchar(140),
			owner varchar(140),
			docstatus int(1) not null default '0',
			idx int(8) not null default '0',
			`user` varchar(140) unique,
`_user_tags` text,
`_comments` text,
`_assign` text,
`_liked_by` text,

			index modified(modified))
			ENGINE=InnoDB
			ROW_FORMAT=DYNAMIC
			CHARACTER SET=utf8mb4
			COLLATE=utf8mb4_unicode_ci
2024-04-22 21:11:02,533 WARNING database DDL Query made to DB:
create table `tabWishlist Item` (
			name varchar(140) primary key,
			creation datetime(6),
			modified datetime(6),
			modified_by varchar(140),
			owner varchar(140),
			docstatus int(1) not null default '0',
			idx int(8) not null default '0',
			`item_code` varchar(140),
`website_item` varchar(140),
`web_item_name` varchar(140),
`item_name` varchar(140),
`item_group` varchar(140),
`description` longtext,
`route` text,
`image` text,
`warehouse` varchar(140),
parent varchar(140),
parentfield varchar(140),
parenttype varchar(140),
index parent(parent),

			index modified(modified))
			ENGINE=InnoDB
			ROW_FORMAT=DYNAMIC
			CHARACTER SET=utf8mb4
			COLLATE=utf8mb4_unicode_ci
2024-04-22 21:11:03,044 WARNING database DDL Query made to DB:
create table `tabItem Review` (
			name varchar(140) primary key,
			creation datetime(6),
			modified datetime(6),
			modified_by varchar(140),
			owner varchar(140),
			docstatus int(1) not null default '0',
			idx int(8) not null default '0',
			`website_item` varchar(140),
`user` varchar(140),
`customer` varchar(140),
`item` varchar(140),
`published_on` varchar(140),
`review_title` varchar(140),
`rating` decimal(3,2),
`comment` text,
`_user_tags` text,
`_comments` text,
`_assign` text,
`_liked_by` text,

			index modified(modified))
			ENGINE=InnoDB
			ROW_FORMAT=DYNAMIC
			CHARACTER SET=utf8mb4
			COLLATE=utf8mb4_unicode_ci
2024-04-22 21:11:03,566 WARNING database DDL Query made to DB:
create table `tabRecommended Items` (
			name varchar(140) primary key,
			creation datetime(6),
			modified datetime(6),
			modified_by varchar(140),
			owner varchar(140),
			docstatus int(1) not null default '0',
			idx int(8) not null default '0',
			`website_item` varchar(140),
`website_item_name` varchar(140),
`item_code` varchar(140),
`route` text,
`website_item_image` text,
`website_item_thumbnail` varchar(140),
parent varchar(140),
parentfield varchar(140),
parenttype varchar(140),
index parent(parent),

			index modified(modified))
			ENGINE=InnoDB
			ROW_FORMAT=DYNAMIC
			CHARACTER SET=utf8mb4
			COLLATE=utf8mb4_unicode_ci
2024-04-22 21:11:04,755 WARNING database DDL Query made to DB:
create table `tabSubcontracting Receipt Supplied Item` (
			name varchar(140) primary key,
			creation datetime(6),
			modified datetime(6),
			modified_by varchar(140),
			owner varchar(140),
			docstatus int(1) not null default '0',
			idx int(8) not null default '0',
			`main_item_code` varchar(140),
`rm_item_code` varchar(140),
`item_name` varchar(140),
`bom_detail_no` varchar(140),
`description` longtext,
`stock_uom` varchar(140),
`conversion_factor` decimal(21,9) not null default 1.0,
`reference_name` varchar(140),
`rate` decimal(21,9) not null default 0,
`amount` decimal(21,9) not null default 0,
`available_qty_for_consumption` decimal(21,9) not null default 0,
`required_qty` decimal(21,9) not null default 0,
`consumed_qty` decimal(21,9) not null default 0,
`current_stock` decimal(21,9) not null default 0,
`batch_no` varchar(140),
`serial_no` text,
`subcontracting_order` varchar(140),
parent varchar(140),
parentfield varchar(140),
parenttype varchar(140),
index parent(parent),

			index modified(modified))
			ENGINE=InnoDB
			ROW_FORMAT=DYNAMIC
			CHARACTER SET=utf8mb4
			COLLATE=utf8mb4_unicode_ci
2024-04-22 21:11:05,367 WARNING database DDL Query made to DB:
create table `tabSubcontracting Order` (
			name varchar(140) primary key,
			creation datetime(6),
			modified datetime(6),
			modified_by varchar(140),
			owner varchar(140),
			docstatus int(1) not null default '0',
			idx int(8) not null default '0',
			`title` varchar(140) default '{supplier_name}',
`naming_series` varchar(140),
`purchase_order` varchar(140),
`supplier` varchar(140),
`supplier_name` varchar(140),
`supplier_warehouse` varchar(140),
`company` varchar(140),
`transaction_date` date,
`schedule_date` date,
`amended_from` varchar(140),
`cost_center` varchar(140),
`project` varchar(140),
`supplier_address` varchar(140),
`address_display` text,
`contact_person` varchar(140),
`contact_display` text,
`contact_mobile` text,
`contact_email` text,
`shipping_address` varchar(140),
`shipping_address_display` text,
`billing_address` varchar(140),
`billing_address_display` text,
`set_warehouse` varchar(140),
`total_qty` decimal(21,9) not null default 0,
`total` decimal(21,9) not null default 0,
`set_reserve_warehouse` varchar(140),
`distribute_additional_costs_based_on` varchar(140) default 'Qty',
`total_additional_costs` decimal(21,9) not null default 0,
`status` varchar(140) default 'Draft',
`per_received` decimal(21,9) not null default 0,
`select_print_heading` varchar(140),
`letter_head` varchar(140),
`_user_tags` text,
`_comments` text,
`_assign` text,
`_liked_by` text,
index `supplier`(`supplier`),
index `transaction_date`(`transaction_date`),
index `status`(`status`),

			index modified(modified))
			ENGINE=InnoDB
			ROW_FORMAT=DYNAMIC
			CHARACTER SET=utf8mb4
			COLLATE=utf8mb4_unicode_ci
2024-04-22 21:11:05,911 WARNING database DDL Query made to DB:
create table `tabSubcontracting Order Service Item` (
			name varchar(140) primary key,
			creation datetime(6),
			modified datetime(6),
			modified_by varchar(140),
			owner varchar(140),
			docstatus int(1) not null default '0',
			idx int(8) not null default '0',
			`item_code` varchar(140),
`item_name` varchar(140),
`qty` decimal(21,9) not null default 0,
`rate` decimal(21,9) not null default 0,
`amount` decimal(21,9) not null default 0,
`fg_item` varchar(140),
`fg_item_qty` decimal(21,9) not null default 1.0,
`material_request` varchar(140),
`material_request_item` varchar(140),
index `item_code`(`item_code`),
parent varchar(140),
parentfield varchar(140),
parenttype varchar(140),
index parent(parent),

			index modified(modified))
			ENGINE=InnoDB
			ROW_FORMAT=DYNAMIC
			CHARACTER SET=utf8mb4
			COLLATE=utf8mb4_unicode_ci
2024-04-22 21:11:06,422 WARNING database DDL Query made to DB:
create table `tabSubcontracting Order Supplied Item` (
			name varchar(140) primary key,
			creation datetime(6),
			modified datetime(6),
			modified_by varchar(140),
			owner varchar(140),
			docstatus int(1) not null default '0',
			idx int(8) not null default '0',
			`main_item_code` varchar(140),
`rm_item_code` varchar(140),
`stock_uom` varchar(140),
`conversion_factor` decimal(21,9) not null default 1.0,
`reserve_warehouse` varchar(140),
`bom_detail_no` varchar(140),
`reference_name` varchar(140),
`rate` decimal(21,9) not null default 0,
`amount` decimal(21,9) not null default 0,
`required_qty` decimal(21,9) not null default 0,
`supplied_qty` decimal(21,9) not null default 0,
`consumed_qty` decimal(21,9) not null default 0,
`returned_qty` decimal(21,9) not null default 0,
`total_supplied_qty` decimal(21,9) not null default 0,
parent varchar(140),
parentfield varchar(140),
parenttype varchar(140),
index parent(parent),

			index modified(modified))
			ENGINE=InnoDB
			ROW_FORMAT=DYNAMIC
			CHARACTER SET=utf8mb4
			COLLATE=utf8mb4_unicode_ci
2024-04-22 21:11:06,978 WARNING database DDL Query made to DB:
create table `tabSubcontracting Receipt` (
			name varchar(140) primary key,
			creation datetime(6),
			modified datetime(6),
			modified_by varchar(140),
			owner varchar(140),
			docstatus int(1) not null default '0',
			idx int(8) not null default '0',
			`title` varchar(140) default '{supplier_name}',
`naming_series` varchar(140),
`supplier` varchar(140),
`supplier_name` varchar(140),
`supplier_delivery_note` varchar(140),
`company` varchar(140),
`posting_date` date,
`posting_time` time(6),
`set_posting_time` int(1) not null default 0,
`is_return` int(1) not null default 0,
`return_against` varchar(140),
`cost_center` varchar(140),
`project` varchar(140),
`supplier_address` varchar(140),
`contact_person` varchar(140),
`address_display` text,
`contact_display` text,
`contact_mobile` text,
`contact_email` text,
`shipping_address` varchar(140),
`shipping_address_display` text,
`billing_address` varchar(140),
`billing_address_display` text,
`set_warehouse` varchar(140),
`rejected_warehouse` varchar(140),
`supplier_warehouse` varchar(140),
`total_qty` decimal(21,9) not null default 0,
`total` decimal(21,9) not null default 0,
`distribute_additional_costs_based_on` varchar(140) default 'Qty',
`total_additional_costs` decimal(21,9) not null default 0,
`in_words` varchar(240),
`bill_no` varchar(140),
`bill_date` date,
`status` varchar(140) default 'Draft',
`per_returned` decimal(21,9) not null default 0,
`amended_from` varchar(140),
`range` varchar(140),
`represents_company` varchar(140),
`auto_repeat` varchar(140),
`letter_head` varchar(140),
`language` varchar(140),
`instructions` text,
`select_print_heading` varchar(140),
`remarks` text,
`transporter_name` varchar(140),
`lr_no` varchar(140),
`lr_date` date,
`_user_tags` text,
`_comments` text,
`_assign` text,
`_liked_by` text,
index `supplier`(`supplier`),
index `posting_date`(`posting_date`),
index `status`(`status`),

			index modified(modified))
			ENGINE=InnoDB
			ROW_FORMAT=DYNAMIC
			CHARACTER SET=utf8mb4
			COLLATE=utf8mb4_unicode_ci
2024-04-22 21:11:07,856 WARNING database DDL Query made to DB:
create table `tabSubcontracting Receipt Item` (
			name varchar(140) primary key,
			creation datetime(6),
			modified datetime(6),
			modified_by varchar(140),
			owner varchar(140),
			docstatus int(1) not null default '0',
			idx int(8) not null default '0',
			`item_code` varchar(140),
`item_name` varchar(140),
`description` longtext,
`brand` varchar(140),
`image` text,
`received_qty` decimal(21,9) not null default 0,
`qty` decimal(21,9) not null default 0,
`rejected_qty` decimal(21,9) not null default 0,
`returned_qty` decimal(21,9) not null default 0,
`stock_uom` varchar(140),
`conversion_factor` decimal(21,9) not null default 1.0,
`rate` decimal(21,9) not null default 0,
`amount` decimal(21,9) not null default 0,
`rm_cost_per_qty` decimal(21,9) not null default 0,
`service_cost_per_qty` decimal(21,9) not null default 0,
`additional_cost_per_qty` decimal(21,9) not null default 0,
`rm_supp_cost` decimal(21,9) not null default 0,
`warehouse` varchar(140),
`rejected_warehouse` varchar(140),
`subcontracting_order` varchar(140),
`schedule_date` date,
`quality_inspection` varchar(140),
`subcontracting_order_item` varchar(140),
`subcontracting_receipt_item` varchar(140),
`bom` varchar(140),
`include_exploded_items` int(1) not null default 0,
`serial_no` text,
`batch_no` varchar(140),
`rejected_serial_no` text,
`manufacturer` varchar(140),
`manufacturer_part_no` varchar(140),
`expense_account` varchar(140),
`cost_center` varchar(140),
`project` varchar(140),
`page_break` int(1) not null default 0,
index `item_code`(`item_code`),
index `subcontracting_order`(`subcontracting_order`),
index `subcontracting_order_item`(`subcontracting_order_item`),
parent varchar(140),
parentfield varchar(140),
parenttype varchar(140),
index parent(parent),

			index modified(modified))
			ENGINE=InnoDB
			ROW_FORMAT=DYNAMIC
			CHARACTER SET=utf8mb4
			COLLATE=utf8mb4_unicode_ci
2024-04-22 21:11:08,600 WARNING database DDL Query made to DB:
create table `tabSubcontracting Order Item` (
			name varchar(140) primary key,
			creation datetime(6),
			modified datetime(6),
			modified_by varchar(140),
			owner varchar(140),
			docstatus int(1) not null default '0',
			idx int(8) not null default '0',
			`item_code` varchar(140),
`item_name` varchar(140),
`bom` varchar(140),
`include_exploded_items` int(1) not null default 0,
`schedule_date` date,
`expected_delivery_date` date,
`description` longtext,
`image` text,
`qty` decimal(21,9) not null default 1.0,
`received_qty` decimal(21,9) not null default 0,
`returned_qty` decimal(21,9) not null default 0,
`stock_uom` varchar(140),
`conversion_factor` decimal(21,9) not null default 1.0,
`rate` decimal(21,9) not null default 0,
`amount` decimal(21,9) not null default 0,
`rm_cost_per_qty` decimal(21,9) not null default 0,
`service_cost_per_qty` decimal(21,9) not null default 0,
`additional_cost_per_qty` decimal(21,9) not null default 0,
`warehouse` varchar(140),
`expense_account` varchar(140),
`manufacturer` varchar(140),
`manufacturer_part_no` varchar(140),
`material_request` varchar(140),
`material_request_item` varchar(140),
`cost_center` varchar(140),
`project` varchar(140),
`page_break` int(1) not null default 0,
index `item_code`(`item_code`),
index `expected_delivery_date`(`expected_delivery_date`),
index `material_request`(`material_request`),
index `material_request_item`(`material_request_item`),
parent varchar(140),
parentfield varchar(140),
parenttype varchar(140),
index parent(parent),

			index modified(modified))
			ENGINE=InnoDB
			ROW_FORMAT=DYNAMIC
			CHARACTER SET=utf8mb4
			COLLATE=utf8mb4_unicode_ci
2024-04-22 21:11:28,068 WARNING database DDL Query made to DB:
ALTER TABLE `tabAddress` ADD COLUMN `tax_category` varchar(140), ADD COLUMN `is_your_company_address` int(1) not null default 0
2024-04-22 21:11:28,434 WARNING database DDL Query made to DB:
ALTER TABLE `tabContact` ADD COLUMN `is_billing_contact` int(1) not null default 0
2024-04-23 19:43:23,502 WARNING database DDL Query made to DB:
create table `tabListing` (
			name varchar(140) primary key,
			creation datetime(6),
			modified datetime(6),
			modified_by varchar(140),
			owner varchar(140),
			docstatus int(1) not null default '0',
			idx int(8) not null default '0',
			`item_name` varchar(140),
`acquired_on` date,
`price` decimal(21,9) not null default 0,
`description` text,
`image` text,
`_user_tags` text,
`_comments` text,
`_assign` text,
`_liked_by` text,
`_seen` text,

			index modified(modified))
			ENGINE=InnoDB
			ROW_FORMAT=DYNAMIC
			CHARACTER SET=utf8mb4
			COLLATE=utf8mb4_unicode_ci
2024-04-23 19:44:46,528 WARNING database DDL Query made to DB:
ALTER TABLE `tabListing` MODIFY `price` decimal(21,9) not null default 0
2024-04-23 19:45:22,729 WARNING database DDL Query made to DB:
ALTER TABLE `tabListing` MODIFY `price` decimal(21,9) not null default 0
2024-04-23 19:49:37,783 WARNING database DDL Query made to DB:
ALTER TABLE `tabListing` MODIFY `price` decimal(21,9) not null default 0
2024-04-23 19:53:54,417 WARNING database DDL Query made to DB:
ALTER TABLE `tabListing` MODIFY `price` decimal(21,9) not null default 0
2024-04-23 21:54:46,612 WARNING database DDL Query made to DB:
create table `tabListing Request` (
			name varchar(140) primary key,
			creation datetime(6),
			modified datetime(6),
			modified_by varchar(140),
			owner varchar(140),
			docstatus int(1) not null default '0',
			idx int(8) not null default '0',
			`full_name` varchar(140),
`mobile_number` varchar(140),
`price_offered` varchar(140),
`_user_tags` text,
`_comments` text,
`_assign` text,
`_liked_by` text,
`_seen` text,

			index modified(modified))
			ENGINE=InnoDB
			ROW_FORMAT=DYNAMIC
			CHARACTER SET=utf8mb4
			COLLATE=utf8mb4_unicode_ci
2024-04-23 21:55:21,991 WARNING database DDL Query made to DB:
ALTER TABLE `tabListing` ADD COLUMN `route` varchar(140)
2024-04-23 21:55:22,173 WARNING database DDL Query made to DB:
ALTER TABLE `tabListing` MODIFY `price` decimal(21,9) not null default 0
2024-04-23 21:57:37,519 WARNING database DDL Query made to DB:
ALTER TABLE `tabListing` ADD COLUMN `is_published` int(1) not null default 0
2024-04-23 21:57:37,653 WARNING database DDL Query made to DB:
ALTER TABLE `tabListing` MODIFY `price` decimal(21,9) not null default 0
2024-04-23 21:58:08,098 WARNING database DDL Query made to DB:
ALTER TABLE `tabListing` MODIFY `price` decimal(21,9) not null default 0
2024-04-23 22:43:25,334 WARNING database DDL Query made to DB:
ALTER TABLE `tabListing Request` ADD COLUMN `listing_item` varchar(140)
2024-04-23 23:06:52,928 WARNING database DDL Query made to DB:
alter table `tabListing Request` add column if not exists parent varchar(140)
2024-04-23 23:06:53,072 WARNING database DDL Query made to DB:
alter table `tabListing Request` add column if not exists parenttype varchar(140)
2024-04-23 23:06:53,339 WARNING database DDL Query made to DB:
alter table `tabListing Request` add column if not exists parentfield varchar(140)
2024-04-23 23:08:08,409 WARNING database DDL Query made to DB:
ALTER TABLE `tabListing` MODIFY `price` decimal(21,9) not null default 0
2024-04-23 23:20:16,175 WARNING database DDL Query made to DB:
alter table `tabListing Request` add column if not exists parent varchar(140)
2024-04-23 23:20:16,208 WARNING database DDL Query made to DB:
alter table `tabListing Request` add column if not exists parenttype varchar(140)
2024-04-23 23:20:16,216 WARNING database DDL Query made to DB:
alter table `tabListing Request` add column if not exists parentfield varchar(140)
2024-04-24 06:46:37,116 WARNING database DDL Query made to DB:
ALTER TABLE `tabListing` ADD COLUMN `totals` varchar(140)
2024-04-24 06:46:37,335 WARNING database DDL Query made to DB:
ALTER TABLE `tabListing` MODIFY `price` decimal(21,9) not null default 0
2024-04-24 09:39:31,972 WARNING database DDL Query made to DB:
ALTER TABLE `tabListing` MODIFY `price` decimal(21,9) not null default 0
2024-04-24 09:40:44,531 WARNING database DDL Query made to DB:
ALTER TABLE `tabListing` MODIFY `price` decimal(21,9) not null default 0
2024-04-24 09:50:15,566 WARNING database DDL Query made to DB:
ALTER TABLE `tabListing` MODIFY `price` decimal(21,9) not null default 0
2024-04-24 09:57:45,803 WARNING database DDL Query made to DB:
alter table `tabListing Request` add column if not exists parent varchar(140)
2024-04-24 09:57:45,805 WARNING database DDL Query made to DB:
alter table `tabListing Request` add column if not exists parenttype varchar(140)
2024-04-24 09:57:45,811 WARNING database DDL Query made to DB:
alter table `tabListing Request` add column if not exists parentfield varchar(140)
2024-04-24 09:59:00,135 WARNING database DDL Query made to DB:
alter table `tabListing Request` add column if not exists parent varchar(140)
2024-04-24 09:59:00,137 WARNING database DDL Query made to DB:
alter table `tabListing Request` add column if not exists parenttype varchar(140)
2024-04-24 09:59:00,141 WARNING database DDL Query made to DB:
alter table `tabListing Request` add column if not exists parentfield varchar(140)
2024-04-24 10:32:36,013 WARNING database DDL Query made to DB:
alter table `tabListing Request` add column if not exists parent varchar(140)
2024-04-24 10:32:36,014 WARNING database DDL Query made to DB:
alter table `tabListing Request` add column if not exists parenttype varchar(140)
2024-04-24 10:32:36,016 WARNING database DDL Query made to DB:
alter table `tabListing Request` add column if not exists parentfield varchar(140)
2024-04-24 10:50:29,209 WARNING database DDL Query made to DB:
alter table `tabListing Request` add column if not exists parent varchar(140)
2024-04-24 10:50:29,210 WARNING database DDL Query made to DB:
alter table `tabListing Request` add column if not exists parenttype varchar(140)
2024-04-24 10:50:29,212 WARNING database DDL Query made to DB:
alter table `tabListing Request` add column if not exists parentfield varchar(140)
2024-04-24 11:02:36,983 WARNING database DDL Query made to DB:
alter table `tabListing Request` add column if not exists parent varchar(140)
2024-04-24 11:02:36,984 WARNING database DDL Query made to DB:
alter table `tabListing Request` add column if not exists parenttype varchar(140)
2024-04-24 11:02:36,985 WARNING database DDL Query made to DB:
alter table `tabListing Request` add column if not exists parentfield varchar(140)
2024-04-24 11:23:33,771 WARNING database DDL Query made to DB:
alter table `tabListing Request` add column if not exists parent varchar(140)
2024-04-24 11:23:33,773 WARNING database DDL Query made to DB:
alter table `tabListing Request` add column if not exists parenttype varchar(140)
2024-04-24 11:23:33,778 WARNING database DDL Query made to DB:
alter table `tabListing Request` add column if not exists parentfield varchar(140)
2024-04-24 11:29:49,002 WARNING database DDL Query made to DB:
alter table `tabListing Request` add column if not exists parent varchar(140)
2024-04-24 11:29:49,004 WARNING database DDL Query made to DB:
alter table `tabListing Request` add column if not exists parenttype varchar(140)
2024-04-24 11:29:49,006 WARNING database DDL Query made to DB:
alter table `tabListing Request` add column if not exists parentfield varchar(140)
2024-04-24 12:54:16,857 WARNING database DDL Query made to DB:
ALTER TABLE `tabListing Request` ADD COLUMN `listing_item` varchar(140)
2024-04-24 13:01:47,970 WARNING database DDL Query made to DB:
ALTER TABLE `tabListing` MODIFY `price` decimal(21,9) not null default 0
2024-04-24 13:16:08,741 WARNING database DDL Query made to DB:
alter table `tabListing Request` add column if not exists parent varchar(140)
2024-04-24 13:16:08,743 WARNING database DDL Query made to DB:
alter table `tabListing Request` add column if not exists parenttype varchar(140)
2024-04-24 13:16:08,745 WARNING database DDL Query made to DB:
alter table `tabListing Request` add column if not exists parentfield varchar(140)
2024-04-24 13:19:06,309 WARNING database DDL Query made to DB:
ALTER TABLE `tabListing` MODIFY `price` decimal(21,9) not null default 0
2024-04-24 13:26:25,558 WARNING database DDL Query made to DB:
alter table `tabListing Request` add column if not exists parent varchar(140)
2024-04-24 13:26:25,560 WARNING database DDL Query made to DB:
alter table `tabListing Request` add column if not exists parenttype varchar(140)
2024-04-24 13:26:25,561 WARNING database DDL Query made to DB:
alter table `tabListing Request` add column if not exists parentfield varchar(140)
2024-04-24 13:33:23,117 WARNING database DDL Query made to DB:
alter table `tabListing Request` add column if not exists parent varchar(140)
2024-04-24 13:33:23,118 WARNING database DDL Query made to DB:
alter table `tabListing Request` add column if not exists parenttype varchar(140)
2024-04-24 13:33:23,119 WARNING database DDL Query made to DB:
alter table `tabListing Request` add column if not exists parentfield varchar(140)
2024-04-24 13:41:43,233 WARNING database DDL Query made to DB:
alter table `tabListing Request` add column if not exists parent varchar(140)
2024-04-24 13:41:43,235 WARNING database DDL Query made to DB:
alter table `tabListing Request` add column if not exists parenttype varchar(140)
2024-04-24 13:41:43,236 WARNING database DDL Query made to DB:
alter table `tabListing Request` add column if not exists parentfield varchar(140)
2024-04-24 13:45:54,696 WARNING database DDL Query made to DB:
alter table `tabListing Request` add column if not exists parent varchar(140)
2024-04-24 13:45:54,700 WARNING database DDL Query made to DB:
alter table `tabListing Request` add column if not exists parenttype varchar(140)
2024-04-24 13:45:54,703 WARNING database DDL Query made to DB:
alter table `tabListing Request` add column if not exists parentfield varchar(140)
